Сборка начата 6/2/2015 4:21:51 PM.
     1>Проект "C:\Users\Dima\Documents\Visual Studio 2013\Projects\Expression\Expression\Expression.vcxproj" в узле 2 (целевые объекты Build).
     1>ClCompile:
         C:\Program Files (x86)\Microsoft Visual Studio 12.0\VC\bin\CL.exe /c /ZI /nologo /W3 /WX- /sdl /Od /Oy- /D WIN32 /D _DEBUG /D _CONSOLE /D _LIB /D _UNICODE /D UNICODE /Gm /EHsc /RTC1 /MDd /GS /fp:precise /Zc:wchar_t /Zc:forScope /Fo"Debug\\" /Fd"Debug\vc120.pdb" /Gd /TP /analyze- /errorReport:prompt ..\..\Stack\Stack\Main.cpp
         Main.cpp
     1>c:\users\dima\documents\visual studio 2013\projects\stack\stack\stack.h(55): warning C4018: <: несоответствие типов со знаком и без знака
                 c:\users\dima\documents\visual studio 2013\projects\stack\stack\stack.h(54): при компиляции функции-члена "List<T>::~List(void)" класса шаблон
                 with
                 [
                     T=double
                 ]
                 c:\users\dima\documents\visual studio 2013\projects\stack\stack\stack.h(106): см. ссылку на создание экземпляров функции шаблон при компиляции "List<T>::~List(void)"
                 with
                 [
                     T=double
                 ]
                 c:\users\dima\documents\visual studio 2013\projects\stack\stack\stack.h(103): см. ссылку на создание экземпляров класса шаблон при компиляции "List<T>"
                 with
                 [
                     T=double
                 ]
                 c:\users\dima\documents\visual studio 2013\projects\stack\stack\expression.h(90): см. ссылку на создание экземпляров класса шаблон при компиляции "Stack<double>"
     1>c:\users\dima\documents\visual studio 2013\projects\stack\stack\stack.h(164): warning C4715: Stack<char>::pop: значение возвращается не при всех путях выполнения
     1>c:\users\dima\documents\visual studio 2013\projects\stack\stack\stack.h(144): warning C4715: Stack<char>::peek: значение возвращается не при всех путях выполнения
     1>c:\users\dima\documents\visual studio 2013\projects\stack\stack\stack.h(164): warning C4715: Stack<double>::pop: значение возвращается не при всех путях выполнения
       Link:
         C:\Program Files (x86)\Microsoft Visual Studio 12.0\VC\bin\link.exe /ERRORREPORT:PROMPT /OUT:"C:\Users\Dima\Documents\Visual Studio 2013\Projects\Expression\Debug\Expression.exe" /INCREMENTAL /NOLOGO kernel32.lib user32.lib gdi32.lib winspool.lib comdlg32.lib advapi32.lib shell32.lib ole32.lib oleaut32.lib uuid.lib odbc32.lib odbccp32.lib /MANIFEST /MANIFESTUAC:"level='asInvoker' uiAccess='false'" /manifest:embed /DEBUG /PDB:"C:\Users\Dima\Documents\Visual Studio 2013\Projects\Expression\Debug\Expression.pdb" /SUBSYSTEM:CONSOLE /TLBID:1 /DYNAMICBASE /NXCOMPAT /IMPLIB:"C:\Users\Dima\Documents\Visual Studio 2013\Projects\Expression\Debug\Expression.lib" /MACHINE:X86 Debug\Main.obj
         Expression.vcxproj -> C:\Users\Dima\Documents\Visual Studio 2013\Projects\Expression\Debug\Expression.exe
     1>Сборка проекта "C:\Users\Dima\Documents\Visual Studio 2013\Projects\Expression\Expression\Expression.vcxproj" завершена (целевые объекты Build).

Сборка успешно завершена.

Затраченное время: 00:00:01.83
